<?xml version="1.0" encoding="UTF-8"?>
<!-- Generated by org.testng.reporters.JUnitXMLReporter -->
<testsuite ignored="0" hostname="Vidhya" failures="0" tests="6" name="demo" time="15.23" errors="0" timestamp="2026-03-09T12:50:49 IST">
  <testcase classname="tests.AddToCartTest" name="AddToCartTest" time="0.142"/>
  <testcase classname="tests.SortingTest" name="sortingLowToHighTest" time="0.155"/>
  <testcase classname="tests.RemoveFromCartTest" name="removeCartTest" time="0.207"/>
  <testcase classname="tests.CheckoutTest" name="CheckoutTest" time="0.198"/>
  <testcase classname="tests.CheckOutInfoTest" name="CheckOutInfoTest" time="0.537"/>
  <testcase classname="tests.LogOutTest" name="LogOutTest" time="0.586"/>
</testsuite> <!-- demo -->
