<?xml version="1.0" encoding="UTF-8"?>
<testng-results ignored="0" total="6" passed="6" failed="0" skipped="0">
  <reporter-output>
  </reporter-output>
  <suite started-at="2026-03-09T12:50:34 IST" name="sause_demo" finished-at="2026-03-09T12:50:49 IST" duration-ms="15230">
    <groups>
    </groups>
    <test started-at="2026-03-09T12:50:34 IST" name="demo" finished-at="2026-03-09T12:50:49 IST" duration-ms="15230">
      <class name="tests.LogOutTest">
        <test-method is-config="true" signature="setUp()[pri:0, instance:tests.LogOutTest@c03cf28]" started-at="2026-03-09T12:50:47 IST" name="setUp" finished-at="2026-03-09T12:50:48 IST" duration-ms="1636" status="PASS">
          <reporter-output>
          </reporter-output>
        </test-method> <!-- setUp -->
        <test-method signature="LogOutTest()[pri:0, instance:tests.LogOutTest@c03cf28]" started-at="2026-03-09T12:50:48 IST" name="LogOutTest" finished-at="2026-03-09T12:50:49 IST" duration-ms="586" status="PASS">
          <reporter-output>
          </reporter-output>
        </test-method> <!-- LogOutTest -->
        <test-method is-config="true" signature="tearDown()[pri:0, instance:tests.LogOutTest@c03cf28]" started-at="2026-03-09T12:50:49 IST" name="tearDown" finished-at="2026-03-09T12:50:49 IST" duration-ms="133" status="PASS">
          <reporter-output>
          </reporter-output>
        </test-method> <!-- tearDown -->
      </class> <!-- tests.LogOutTest -->
      <class name="tests.AddToCartTest">
        <test-method is-config="true" signature="setUp()[pri:0, instance:tests.AddToCartTest@d21a74c]" started-at="2026-03-09T12:50:34 IST" name="setUp" finished-at="2026-03-09T12:50:38 IST" duration-ms="4403" status="PASS">
          <reporter-output>
          </reporter-output>
        </test-method> <!-- setUp -->
        <test-method signature="AddToCartTest()[pri:0, instance:tests.AddToCartTest@d21a74c]" started-at="2026-03-09T12:50:38 IST" name="AddToCartTest" finished-at="2026-03-09T12:50:38 IST" duration-ms="142" status="PASS">
          <reporter-output>
          </reporter-output>
        </test-method> <!-- AddToCartTest -->
        <test-method is-config="true" signature="tearDown()[pri:0, instance:tests.AddToCartTest@d21a74c]" started-at="2026-03-09T12:50:38 IST" name="tearDown" finished-at="2026-03-09T12:50:39 IST" duration-ms="180" status="PASS">
          <reporter-output>
          </reporter-output>
        </test-method> <!-- tearDown -->
      </class> <!-- tests.AddToCartTest -->
      <class name="tests.RemoveFromCartTest">
        <test-method is-config="true" signature="setUp()[pri:0, instance:tests.RemoveFromCartTest@609db43b]" started-at="2026-03-09T12:50:40 IST" name="setUp" finished-at="2026-03-09T12:50:42 IST" duration-ms="1535" status="PASS">
          <reporter-output>
          </reporter-output>
        </test-method> <!-- setUp -->
        <test-method signature="removeCartTest()[pri:0, instance:tests.RemoveFromCartTest@609db43b]" started-at="2026-03-09T12:50:42 IST" name="removeCartTest" finished-at="2026-03-09T12:50:42 IST" duration-ms="207" status="PASS">
          <reporter-output>
          </reporter-output>
        </test-method> <!-- removeCartTest -->
        <test-method is-config="true" signature="tearDown()[pri:0, instance:tests.RemoveFromCartTest@609db43b]" started-at="2026-03-09T12:50:42 IST" name="tearDown" finished-at="2026-03-09T12:50:42 IST" duration-ms="161" status="PASS">
          <reporter-output>
          </reporter-output>
        </test-method> <!-- tearDown -->
      </class> <!-- tests.RemoveFromCartTest -->
      <class name="tests.SortingTest">
        <test-method is-config="true" signature="setUp()[pri:0, instance:tests.SortingTest@3c947bc5]" started-at="2026-03-09T12:50:39 IST" name="setUp" finished-at="2026-03-09T12:50:40 IST" duration-ms="1565" status="PASS">
          <reporter-output>
          </reporter-output>
        </test-method> <!-- setUp -->
        <test-method signature="sortingLowToHighTest()[pri:0, instance:tests.SortingTest@3c947bc5]" started-at="2026-03-09T12:50:40 IST" name="sortingLowToHighTest" finished-at="2026-03-09T12:50:40 IST" duration-ms="155" status="PASS">
          <reporter-output>
          </reporter-output>
        </test-method> <!-- sortingLowToHighTest -->
        <test-method is-config="true" signature="tearDown()[pri:0, instance:tests.SortingTest@3c947bc5]" started-at="2026-03-09T12:50:40 IST" name="tearDown" finished-at="2026-03-09T12:50:40 IST" duration-ms="166" status="PASS">
          <reporter-output>
          </reporter-output>
        </test-method> <!-- tearDown -->
      </class> <!-- tests.SortingTest -->
      <class name="tests.CheckOutInfoTest">
        <test-method is-config="true" signature="setUp()[pri:0, instance:tests.CheckOutInfoTest@1356d4d4]" started-at="2026-03-09T12:50:44 IST" name="setUp" finished-at="2026-03-09T12:50:46 IST" duration-ms="1563" status="PASS">
          <reporter-output>
          </reporter-output>
        </test-method> <!-- setUp -->
        <test-method signature="CheckOutInfoTest()[pri:0, instance:tests.CheckOutInfoTest@1356d4d4]" started-at="2026-03-09T12:50:46 IST" name="CheckOutInfoTest" finished-at="2026-03-09T12:50:47 IST" duration-ms="537" status="PASS">
          <reporter-output>
          </reporter-output>
        </test-method> <!-- CheckOutInfoTest -->
        <test-method is-config="true" signature="tearDown()[pri:0, instance:tests.CheckOutInfoTest@1356d4d4]" started-at="2026-03-09T12:50:47 IST" name="tearDown" finished-at="2026-03-09T12:50:47 IST" duration-ms="143" status="PASS">
          <reporter-output>
          </reporter-output>
        </test-method> <!-- tearDown -->
      </class> <!-- tests.CheckOutInfoTest -->
      <class name="tests.CheckoutTest">
        <test-method is-config="true" signature="setUp()[pri:0, instance:tests.CheckoutTest@55f616cf]" started-at="2026-03-09T12:50:42 IST" name="setUp" finished-at="2026-03-09T12:50:44 IST" duration-ms="1576" status="PASS">
          <reporter-output>
          </reporter-output>
        </test-method> <!-- setUp -->
        <test-method signature="CheckoutTest()[pri:0, instance:tests.CheckoutTest@55f616cf]" started-at="2026-03-09T12:50:44 IST" name="CheckoutTest" finished-at="2026-03-09T12:50:44 IST" duration-ms="198" status="PASS">
          <reporter-output>
          </reporter-output>
        </test-method> <!-- CheckoutTest -->
        <test-method is-config="true" signature="tearDown()[pri:0, instance:tests.CheckoutTest@55f616cf]" started-at="2026-03-09T12:50:44 IST" name="tearDown" finished-at="2026-03-09T12:50:44 IST" duration-ms="289" status="PASS">
          <reporter-output>
          </reporter-output>
        </test-method> <!-- tearDown -->
      </class> <!-- tests.CheckoutTest -->
    </test> <!-- demo -->
  </suite> <!-- sause_demo -->
</testng-results>
